{"level":"info","message":"ctx permission","meta":{"can":null,"skip":true},"module":"app","submodule":"getLang","method":"","app":"main","reqId":"2107e16c-db22-45ab-9254-93b506fc3d3e","timestamp":"2024-04-15 00:03:48"}
{"level":"info","message":"acl params","meta":{},"module":"app","submodule":"getLang","method":"","app":"main","reqId":"2107e16c-db22-45ab-9254-93b506fc3d3e","timestamp":"2024-04-15 00:03:48"}
{"level":"info","message":"acl parsedParams","meta":{},"module":"app","submodule":"getLang","method":"","app":"main","reqId":"2107e16c-db22-45ab-9254-93b506fc3d3e","timestamp":"2024-04-15 00:03:48"}
{"level":"info","message":"ctx permission","meta":{"can":null,"skip":true},"module":"pm","submodule":"listEnabled","method":"","app":"main","reqId":"3a571452-8276-4b8c-81d8-cd89e4ab301c","timestamp":"2024-04-15 00:03:48"}
{"level":"info","message":"acl params","meta":{},"module":"pm","submodule":"listEnabled","method":"","app":"main","reqId":"3a571452-8276-4b8c-81d8-cd89e4ab301c","timestamp":"2024-04-15 00:03:48"}
{"level":"info","message":"acl parsedParams","meta":{},"module":"pm","submodule":"listEnabled","method":"","app":"main","reqId":"3a571452-8276-4b8c-81d8-cd89e4ab301c","timestamp":"2024-04-15 00:03:48"}
{"level":"info","message":"ctx permission","meta":{"can":null,"skip":true},"module":"auth","submodule":"check","method":"","app":"main","reqId":"34158f32-dc55-49e4-8714-e9b286151f3c","timestamp":"2024-04-15 00:03:49"}
{"level":"info","message":"acl params","meta":{},"module":"auth","submodule":"check","method":"","app":"main","reqId":"34158f32-dc55-49e4-8714-e9b286151f3c","timestamp":"2024-04-15 00:03:49"}
{"level":"info","message":"acl parsedParams","meta":{},"module":"auth","submodule":"check","method":"","app":"main","reqId":"34158f32-dc55-49e4-8714-e9b286151f3c","timestamp":"2024-04-15 00:03:49"}
{"level":"info","message":"ctx permission","meta":{"can":null,"skip":true},"module":"systemSettings","submodule":"get/1","method":"","app":"main","reqId":"f77edeaf-a6a1-4acd-8bfc-37ee7a607920","timestamp":"2024-04-15 00:03:49"}
{"level":"info","message":"acl params","meta":{},"module":"systemSettings","submodule":"get/1","method":"","app":"main","reqId":"f77edeaf-a6a1-4acd-8bfc-37ee7a607920","timestamp":"2024-04-15 00:03:49"}
{"level":"info","message":"acl parsedParams","meta":{},"module":"systemSettings","submodule":"get/1","method":"","app":"main","reqId":"f77edeaf-a6a1-4acd-8bfc-37ee7a607920","timestamp":"2024-04-15 00:03:49"}
{"level":"info","message":"ctx permission","meta":{"can":null,"skip":true},"module":"app","submodule":"getInfo","method":"","app":"main","reqId":"11c9b55f-9634-4235-b681-d4619fb78be0","timestamp":"2024-04-15 00:03:49"}
{"level":"info","message":"acl params","meta":{},"module":"app","submodule":"getInfo","method":"","app":"main","reqId":"11c9b55f-9634-4235-b681-d4619fb78be0","timestamp":"2024-04-15 00:03:49"}
{"level":"info","message":"acl parsedParams","meta":{},"module":"app","submodule":"getInfo","method":"","app":"main","reqId":"11c9b55f-9634-4235-b681-d4619fb78be0","timestamp":"2024-04-15 00:03:49"}
{"level":"info","message":"ctx permission","meta":{"can":null,"skip":true},"module":"authenticators","submodule":"publicList","method":"","app":"main","reqId":"599bf3a2-1166-48d5-89d0-dae305e529d7","timestamp":"2024-04-15 00:03:49"}
{"level":"info","message":"acl params","meta":{},"module":"authenticators","submodule":"publicList","method":"","app":"main","reqId":"599bf3a2-1166-48d5-89d0-dae305e529d7","timestamp":"2024-04-15 00:03:49"}
{"level":"info","message":"acl parsedParams","meta":{},"module":"authenticators","submodule":"publicList","method":"","app":"main","reqId":"599bf3a2-1166-48d5-89d0-dae305e529d7","timestamp":"2024-04-15 00:03:49"}
{"level":"info","message":"ctx permission","meta":{"can":null,"skip":true},"module":"auth","submodule":"signIn","method":"","app":"main","reqId":"4984c22b-8654-4bd3-aa22-cf2ea698360d","timestamp":"2024-04-15 00:03:53"}
{"level":"info","message":"acl params","meta":{},"module":"auth","submodule":"signIn","method":"","app":"main","reqId":"4984c22b-8654-4bd3-aa22-cf2ea698360d","timestamp":"2024-04-15 00:03:53"}
{"level":"info","message":"acl parsedParams","meta":{},"module":"auth","submodule":"signIn","method":"","app":"main","reqId":"4984c22b-8654-4bd3-aa22-cf2ea698360d","timestamp":"2024-04-15 00:03:53"}
{"level":"info","message":"ctx permission","meta":{"can":null,"skip":true},"module":"auth","submodule":"check","method":"","app":"main","reqId":"87425ed4-6f59-443c-bcda-97c966699a7b","timestamp":"2024-04-15 00:03:54"}
{"level":"info","message":"acl params","meta":{},"module":"auth","submodule":"check","method":"","app":"main","reqId":"87425ed4-6f59-443c-bcda-97c966699a7b","timestamp":"2024-04-15 00:03:54"}
{"level":"info","message":"acl parsedParams","meta":{},"module":"auth","submodule":"check","method":"","app":"main","reqId":"87425ed4-6f59-443c-bcda-97c966699a7b","timestamp":"2024-04-15 00:03:54"}
{"level":"info","message":"ctx permission","meta":{"can":null,"skip":true},"module":"systemSettings","submodule":"get/1","method":"","app":"main","reqId":"88f06db9-46c3-4a5e-9748-4d44bfbdda7a","timestamp":"2024-04-15 00:03:54"}
{"level":"info","message":"acl params","meta":{},"module":"systemSettings","submodule":"get/1","method":"","app":"main","reqId":"88f06db9-46c3-4a5e-9748-4d44bfbdda7a","timestamp":"2024-04-15 00:03:54"}
{"level":"info","message":"acl parsedParams","meta":{},"module":"systemSettings","submodule":"get/1","method":"","app":"main","reqId":"88f06db9-46c3-4a5e-9748-4d44bfbdda7a","timestamp":"2024-04-15 00:03:54"}
{"level":"info","message":"ctx permission","meta":{"can":null,"skip":true},"module":"app","submodule":"getInfo","method":"","app":"main","reqId":"d0c17b28-1700-4fa3-9dc1-15d3dc993ae3","timestamp":"2024-04-15 00:03:54"}
{"level":"info","message":"acl params","meta":{},"module":"app","submodule":"getInfo","method":"","app":"main","reqId":"d0c17b28-1700-4fa3-9dc1-15d3dc993ae3","timestamp":"2024-04-15 00:03:54"}
{"level":"info","message":"acl parsedParams","meta":{},"module":"app","submodule":"getInfo","method":"","app":"main","reqId":"d0c17b28-1700-4fa3-9dc1-15d3dc993ae3","timestamp":"2024-04-15 00:03:54"}
{"level":"info","message":"ctx permission","meta":{"can":{"role":"root","resource":"uiSchemaTemplates","action":"list"},"skip":true},"module":"uiSchemaTemplates","submodule":"list","method":"","app":"main","reqId":"3459b50d-6bd4-4971-845e-cff551d76993","timestamp":"2024-04-15 00:03:54"}
{"level":"info","message":"acl params","meta":{},"module":"uiSchemaTemplates","submodule":"list","method":"","app":"main","reqId":"3459b50d-6bd4-4971-845e-cff551d76993","timestamp":"2024-04-15 00:03:54"}
{"level":"info","message":"acl parsedParams","meta":{},"module":"uiSchemaTemplates","submodule":"list","method":"","app":"main","reqId":"3459b50d-6bd4-4971-845e-cff551d76993","timestamp":"2024-04-15 00:03:54"}
{"level":"info","message":"ctx permission","meta":{"can":{"role":"root","resource":"dataSources","action":"listEnabled"},"skip":true},"module":"dataSources","submodule":"listEnabled","method":"","app":"main","reqId":"d72c9718-15c2-46fd-9b19-041913f149cd","timestamp":"2024-04-15 00:03:54"}
{"level":"info","message":"acl params","meta":{},"module":"dataSources","submodule":"listEnabled","method":"","app":"main","reqId":"d72c9718-15c2-46fd-9b19-041913f149cd","timestamp":"2024-04-15 00:03:54"}
{"level":"info","message":"acl parsedParams","meta":{},"module":"dataSources","submodule":"listEnabled","method":"","app":"main","reqId":"d72c9718-15c2-46fd-9b19-041913f149cd","timestamp":"2024-04-15 00:03:54"}
{"level":"info","message":"ctx permission","meta":{"can":{"role":"root","resource":"collectionCategories","action":"list"},"skip":true},"module":"collectionCategories","submodule":"list","method":"","app":"main","reqId":"3203ed69-4af7-4d47-a24e-4e5755d33a04","timestamp":"2024-04-15 00:03:54"}
{"level":"info","message":"acl params","meta":{},"module":"collectionCategories","submodule":"list","method":"","app":"main","reqId":"3203ed69-4af7-4d47-a24e-4e5755d33a04","timestamp":"2024-04-15 00:03:54"}
{"level":"info","message":"acl parsedParams","meta":{},"module":"collectionCategories","submodule":"list","method":"","app":"main","reqId":"3203ed69-4af7-4d47-a24e-4e5755d33a04","timestamp":"2024-04-15 00:03:54"}
{"level":"info","message":"ctx permission","meta":{"can":{"role":"root","resource":"collections","action":"list"},"skip":true},"module":"collections","submodule":"list","method":"","app":"main","reqId":"6c4e22d1-32a9-48b1-8660-05cd937dac77","timestamp":"2024-04-15 00:03:54"}
{"level":"info","message":"acl params","meta":{},"module":"collections","submodule":"list","method":"","app":"main","reqId":"6c4e22d1-32a9-48b1-8660-05cd937dac77","timestamp":"2024-04-15 00:03:54"}
{"level":"info","message":"acl parsedParams","meta":{},"module":"collections","submodule":"list","method":"","app":"main","reqId":"6c4e22d1-32a9-48b1-8660-05cd937dac77","timestamp":"2024-04-15 00:03:54"}
{"level":"info","message":"ctx permission","meta":{"can":{"role":"root","resource":"roles","action":"check"},"skip":true},"module":"roles","submodule":"check","method":"","app":"main","reqId":"c2ca872d-ab9f-45cd-9077-a593c62f4cbe","timestamp":"2024-04-15 00:03:54"}
{"level":"info","message":"acl params","meta":{},"module":"roles","submodule":"check","method":"","app":"main","reqId":"c2ca872d-ab9f-45cd-9077-a593c62f4cbe","timestamp":"2024-04-15 00:03:54"}
{"level":"info","message":"acl parsedParams","meta":{},"module":"roles","submodule":"check","method":"","app":"main","reqId":"c2ca872d-ab9f-45cd-9077-a593c62f4cbe","timestamp":"2024-04-15 00:03:54"}
{"level":"info","message":"ctx permission","meta":{"can":{"role":"root","resource":"uiSchemas","action":"getJsonSchema"},"skip":true},"module":"uiSchemas","submodule":"getJsonSchema/nocobase-admin-menu","method":"","app":"main","reqId":"12561fec-3b2a-4a4c-8011-583f2bfe3ed3","timestamp":"2024-04-15 00:03:54"}
{"level":"info","message":"acl params","meta":{},"module":"uiSchemas","submodule":"getJsonSchema/nocobase-admin-menu","method":"","app":"main","reqId":"12561fec-3b2a-4a4c-8011-583f2bfe3ed3","timestamp":"2024-04-15 00:03:54"}
{"level":"info","message":"acl parsedParams","meta":{},"module":"uiSchemas","submodule":"getJsonSchema/nocobase-admin-menu","method":"","app":"main","reqId":"12561fec-3b2a-4a4c-8011-583f2bfe3ed3","timestamp":"2024-04-15 00:03:54"}
{"level":"info","message":"ctx permission","meta":{"can":{"role":"root","resource":"authenticators","action":"list"},"skip":true},"module":"authenticators","submodule":"list","method":"","app":"main","reqId":"acce4b9c-e67e-431a-b69b-30cb0a9dbd48","timestamp":"2024-04-15 00:03:59"}
{"level":"info","message":"acl params","meta":{},"module":"authenticators","submodule":"list","method":"","app":"main","reqId":"acce4b9c-e67e-431a-b69b-30cb0a9dbd48","timestamp":"2024-04-15 00:03:59"}
{"level":"info","message":"acl parsedParams","meta":{},"module":"authenticators","submodule":"list","method":"","app":"main","reqId":"acce4b9c-e67e-431a-b69b-30cb0a9dbd48","timestamp":"2024-04-15 00:03:59"}
{"level":"info","message":"ctx permission","meta":{"can":{"role":"root","resource":"authenticators","action":"listTypes"},"skip":true},"module":"authenticators","submodule":"listTypes","method":"","app":"main","reqId":"be5cc926-bdab-41f7-8744-8a358bb77425","timestamp":"2024-04-15 00:03:59"}
{"level":"info","message":"acl params","meta":{},"module":"authenticators","submodule":"listTypes","method":"","app":"main","reqId":"be5cc926-bdab-41f7-8744-8a358bb77425","timestamp":"2024-04-15 00:03:59"}
{"level":"info","message":"acl parsedParams","meta":{},"module":"authenticators","submodule":"listTypes","method":"","app":"main","reqId":"be5cc926-bdab-41f7-8744-8a358bb77425","timestamp":"2024-04-15 00:03:59"}
{"level":"info","message":"ctx permission","meta":{"can":{"role":"root","resource":"workflows","action":"list"},"skip":true},"module":"workflows","submodule":"list","method":"","app":"main","reqId":"7e8e0618-65a7-4b05-a5a0-43fe71deebb9","timestamp":"2024-04-15 00:04:13"}
{"level":"info","message":"acl params","meta":{},"module":"workflows","submodule":"list","method":"","app":"main","reqId":"7e8e0618-65a7-4b05-a5a0-43fe71deebb9","timestamp":"2024-04-15 00:04:13"}
{"level":"info","message":"acl parsedParams","meta":{},"module":"workflows","submodule":"list","method":"","app":"main","reqId":"7e8e0618-65a7-4b05-a5a0-43fe71deebb9","timestamp":"2024-04-15 00:04:13"}
{"level":"info","message":"ctx permission","meta":{"can":{"role":"root","resource":"users","action":"list"},"skip":true},"module":"users","submodule":"list","method":"","app":"main","reqId":"6754d503-cf91-4202-b525-c706b3cfdfd0","timestamp":"2024-04-15 00:08:16"}
{"level":"info","message":"acl params","meta":{},"module":"users","submodule":"list","method":"","app":"main","reqId":"6754d503-cf91-4202-b525-c706b3cfdfd0","timestamp":"2024-04-15 00:08:16"}
{"level":"info","message":"acl parsedParams","meta":{},"module":"users","submodule":"list","method":"","app":"main","reqId":"6754d503-cf91-4202-b525-c706b3cfdfd0","timestamp":"2024-04-15 00:08:16"}
{"level":"info","message":"ctx permission","meta":{"can":{"role":"root","resource":"pm","action":"list"},"skip":true},"module":"pm","submodule":"list","method":"","app":"main","reqId":"f997b855-141a-4207-aeca-706b90841ede","timestamp":"2024-04-15 00:08:33"}
{"level":"info","message":"acl params","meta":{},"module":"pm","submodule":"list","method":"","app":"main","reqId":"f997b855-141a-4207-aeca-706b90841ede","timestamp":"2024-04-15 00:08:33"}
{"level":"info","message":"acl parsedParams","meta":{},"module":"pm","submodule":"list","method":"","app":"main","reqId":"f997b855-141a-4207-aeca-706b90841ede","timestamp":"2024-04-15 00:08:33"}
{"level":"info","message":"ctx permission","meta":{"can":{"role":"root","resource":"pm","action":"enable"},"skip":true},"module":"pm","submodule":"enable","method":"","app":"main","reqId":"3a39915b-4fc6-47f0-9e9f-2ddc39c5886e","timestamp":"2024-04-15 00:08:41"}
{"level":"info","message":"acl params","meta":{},"module":"pm","submodule":"enable","method":"","app":"main","reqId":"3a39915b-4fc6-47f0-9e9f-2ddc39c5886e","timestamp":"2024-04-15 00:08:41"}
{"level":"info","message":"acl parsedParams","meta":{},"module":"pm","submodule":"enable","method":"","app":"main","reqId":"3a39915b-4fc6-47f0-9e9f-2ddc39c5886e","timestamp":"2024-04-15 00:08:41"}
{"level":"info","message":"app.reload()","meta":{},"module":"application","submodule":"","method":"load","app":"main","reqId":"eb503785-7702-4e7e-9f61-3ccd9b5e6cc0","timestamp":"2024-04-15 00:08:42"}
{"level":"info","message":"restarting...","meta":{},"module":"application","submodule":"","method":"","app":"main","reqId":"3a39915b-4fc6-47f0-9e9f-2ddc39c5886e","timestamp":"2024-04-15 00:08:44"}
{"level":"info","message":"app.reload()","meta":{},"module":"application","submodule":"","method":"load","app":"main","reqId":"3a39915b-4fc6-47f0-9e9f-2ddc39c5886e","timestamp":"2024-04-15 00:08:44"}
{"level":"info","message":"write roles to ACL","meta":{},"module":"acl","submodule":"","method":"writeRolesToACL","app":"main","reqId":"3a39915b-4fc6-47f0-9e9f-2ddc39c5886e","timestamp":"2024-04-15 00:08:46"}
{"level":"info","message":"ctx permission","meta":{"can":null,"skip":true},"module":"app","submodule":"getLang","method":"","app":"main","reqId":"3ed85128-7671-4ff2-8f71-38512e1c2e4f","timestamp":"2024-04-15 00:08:47"}
{"level":"info","message":"acl params","meta":{},"module":"app","submodule":"getLang","method":"","app":"main","reqId":"3ed85128-7671-4ff2-8f71-38512e1c2e4f","timestamp":"2024-04-15 00:08:47"}
{"level":"info","message":"acl parsedParams","meta":{},"module":"app","submodule":"getLang","method":"","app":"main","reqId":"3ed85128-7671-4ff2-8f71-38512e1c2e4f","timestamp":"2024-04-15 00:08:47"}
{"level":"info","message":"ctx permission","meta":{"can":{"role":"root","resource":"pm","action":"listEnabled"},"skip":true},"module":"pm","submodule":"listEnabled","method":"","app":"main","reqId":"c01dda1f-940f-47b5-9d2f-704872846c88","timestamp":"2024-04-15 00:08:47"}
{"level":"info","message":"acl params","meta":{},"module":"pm","submodule":"listEnabled","method":"","app":"main","reqId":"c01dda1f-940f-47b5-9d2f-704872846c88","timestamp":"2024-04-15 00:08:47"}
{"level":"info","message":"acl parsedParams","meta":{},"module":"pm","submodule":"listEnabled","method":"","app":"main","reqId":"c01dda1f-940f-47b5-9d2f-704872846c88","timestamp":"2024-04-15 00:08:47"}
{"level":"info","message":"ctx permission","meta":{"can":null,"skip":true},"module":"auth","submodule":"check","method":"","app":"main","reqId":"e866bf0c-60e2-45ca-a3b4-15738549f60d","timestamp":"2024-04-15 00:08:48"}
{"level":"info","message":"acl params","meta":{},"module":"auth","submodule":"check","method":"","app":"main","reqId":"e866bf0c-60e2-45ca-a3b4-15738549f60d","timestamp":"2024-04-15 00:08:48"}
{"level":"info","message":"acl parsedParams","meta":{},"module":"auth","submodule":"check","method":"","app":"main","reqId":"e866bf0c-60e2-45ca-a3b4-15738549f60d","timestamp":"2024-04-15 00:08:48"}
{"level":"info","message":"ctx permission","meta":{"can":null,"skip":true},"module":"systemSettings","submodule":"get/1","method":"","app":"main","reqId":"0739a3f9-f55a-45c5-80ae-f24b514beabb","timestamp":"2024-04-15 00:08:48"}
{"level":"info","message":"acl params","meta":{},"module":"systemSettings","submodule":"get/1","method":"","app":"main","reqId":"0739a3f9-f55a-45c5-80ae-f24b514beabb","timestamp":"2024-04-15 00:08:48"}
{"level":"info","message":"acl parsedParams","meta":{},"module":"systemSettings","submodule":"get/1","method":"","app":"main","reqId":"0739a3f9-f55a-45c5-80ae-f24b514beabb","timestamp":"2024-04-15 00:08:48"}
{"level":"info","message":"ctx permission","meta":{"can":null,"skip":true},"module":"app","submodule":"getInfo","method":"","app":"main","reqId":"e4937847-3beb-4881-957d-9b364c5df31a","timestamp":"2024-04-15 00:08:48"}
{"level":"info","message":"acl params","meta":{},"module":"app","submodule":"getInfo","method":"","app":"main","reqId":"e4937847-3beb-4881-957d-9b364c5df31a","timestamp":"2024-04-15 00:08:48"}
{"level":"info","message":"acl parsedParams","meta":{},"module":"app","submodule":"getInfo","method":"","app":"main","reqId":"e4937847-3beb-4881-957d-9b364c5df31a","timestamp":"2024-04-15 00:08:48"}
{"level":"info","message":"ctx permission","meta":{"can":{"role":"root","resource":"uiSchemaTemplates","action":"list"},"skip":true},"module":"uiSchemaTemplates","submodule":"list","method":"","app":"main","reqId":"4cb1cd51-bb45-4a9c-ac20-98f3a25393f6","timestamp":"2024-04-15 00:08:48"}
{"level":"info","message":"acl params","meta":{},"module":"uiSchemaTemplates","submodule":"list","method":"","app":"main","reqId":"4cb1cd51-bb45-4a9c-ac20-98f3a25393f6","timestamp":"2024-04-15 00:08:48"}
{"level":"info","message":"acl parsedParams","meta":{},"module":"uiSchemaTemplates","submodule":"list","method":"","app":"main","reqId":"4cb1cd51-bb45-4a9c-ac20-98f3a25393f6","timestamp":"2024-04-15 00:08:48"}
{"level":"info","message":"ctx permission","meta":{"can":{"role":"root","resource":"dataSources","action":"listEnabled"},"skip":true},"module":"dataSources","submodule":"listEnabled","method":"","app":"main","reqId":"82125a5e-b09f-4ffc-b98a-72d9e5ac29e4","timestamp":"2024-04-15 00:08:48"}
{"level":"info","message":"acl params","meta":{},"module":"dataSources","submodule":"listEnabled","method":"","app":"main","reqId":"82125a5e-b09f-4ffc-b98a-72d9e5ac29e4","timestamp":"2024-04-15 00:08:48"}
{"level":"info","message":"acl parsedParams","meta":{},"module":"dataSources","submodule":"listEnabled","method":"","app":"main","reqId":"82125a5e-b09f-4ffc-b98a-72d9e5ac29e4","timestamp":"2024-04-15 00:08:48"}
{"level":"info","message":"ctx permission","meta":{"can":{"role":"root","resource":"collectionCategories","action":"list"},"skip":true},"module":"collectionCategories","submodule":"list","method":"","app":"main","reqId":"e6ddc895-3433-43d2-af6c-c82da5da260d","timestamp":"2024-04-15 00:08:48"}
{"level":"info","message":"acl params","meta":{},"module":"collectionCategories","submodule":"list","method":"","app":"main","reqId":"e6ddc895-3433-43d2-af6c-c82da5da260d","timestamp":"2024-04-15 00:08:48"}
{"level":"info","message":"acl parsedParams","meta":{},"module":"collectionCategories","submodule":"list","method":"","app":"main","reqId":"e6ddc895-3433-43d2-af6c-c82da5da260d","timestamp":"2024-04-15 00:08:48"}
{"level":"info","message":"ctx permission","meta":{"can":{"role":"root","resource":"collections","action":"list"},"skip":true},"module":"collections","submodule":"list","method":"","app":"main","reqId":"28e2b149-1b98-481c-8aaa-a9c651f774e2","timestamp":"2024-04-15 00:08:48"}
{"level":"info","message":"acl params","meta":{},"module":"collections","submodule":"list","method":"","app":"main","reqId":"28e2b149-1b98-481c-8aaa-a9c651f774e2","timestamp":"2024-04-15 00:08:48"}
{"level":"info","message":"acl parsedParams","meta":{},"module":"collections","submodule":"list","method":"","app":"main","reqId":"28e2b149-1b98-481c-8aaa-a9c651f774e2","timestamp":"2024-04-15 00:08:48"}
{"level":"info","message":"ctx permission","meta":{"can":{"role":"root","resource":"roles","action":"check"},"skip":true},"module":"roles","submodule":"check","method":"","app":"main","reqId":"9d1d8d77-0c83-47aa-b4b9-1efc64a65d76","timestamp":"2024-04-15 00:08:48"}
{"level":"info","message":"acl params","meta":{},"module":"roles","submodule":"check","method":"","app":"main","reqId":"9d1d8d77-0c83-47aa-b4b9-1efc64a65d76","timestamp":"2024-04-15 00:08:48"}
{"level":"info","message":"acl parsedParams","meta":{},"module":"roles","submodule":"check","method":"","app":"main","reqId":"9d1d8d77-0c83-47aa-b4b9-1efc64a65d76","timestamp":"2024-04-15 00:08:48"}
{"level":"info","message":"ctx permission","meta":{"can":{"role":"root","resource":"uiSchemas","action":"getJsonSchema"},"skip":true},"module":"uiSchemas","submodule":"getJsonSchema/nocobase-admin-menu","method":"","app":"main","reqId":"52226297-dba5-485a-a22c-012a4348058a","timestamp":"2024-04-15 00:08:48"}
{"level":"info","message":"acl params","meta":{},"module":"uiSchemas","submodule":"getJsonSchema/nocobase-admin-menu","method":"","app":"main","reqId":"52226297-dba5-485a-a22c-012a4348058a","timestamp":"2024-04-15 00:08:48"}
{"level":"info","message":"acl parsedParams","meta":{},"module":"uiSchemas","submodule":"getJsonSchema/nocobase-admin-menu","method":"","app":"main","reqId":"52226297-dba5-485a-a22c-012a4348058a","timestamp":"2024-04-15 00:08:48"}
{"level":"info","message":"ctx permission","meta":{"can":{"role":"root","resource":"pm","action":"list"},"skip":true},"module":"pm","submodule":"list","method":"","app":"main","reqId":"576aefce-1e9d-4b27-b244-d12994162611","timestamp":"2024-04-15 00:08:48"}
{"level":"info","message":"acl params","meta":{},"module":"pm","submodule":"list","method":"","app":"main","reqId":"576aefce-1e9d-4b27-b244-d12994162611","timestamp":"2024-04-15 00:08:48"}
{"level":"info","message":"acl parsedParams","meta":{},"module":"pm","submodule":"list","method":"","app":"main","reqId":"576aefce-1e9d-4b27-b244-d12994162611","timestamp":"2024-04-15 00:08:48"}
{"level":"info","message":"ctx permission","meta":{"can":{"role":"root","resource":"uiSchemas","action":"insertAdjacent"},"skip":true},"module":"uiSchemas","submodule":"insertAdjacent/nocobase-admin-menu","method":"","app":"main","reqId":"845a3cd1-1020-4894-9a21-a38cf9c8bcd4","timestamp":"2024-04-15 00:09:37"}
{"level":"info","message":"acl params","meta":{},"module":"uiSchemas","submodule":"insertAdjacent/nocobase-admin-menu","method":"","app":"main","reqId":"845a3cd1-1020-4894-9a21-a38cf9c8bcd4","timestamp":"2024-04-15 00:09:37"}
{"level":"info","message":"acl parsedParams","meta":{},"module":"uiSchemas","submodule":"insertAdjacent/nocobase-admin-menu","method":"","app":"main","reqId":"845a3cd1-1020-4894-9a21-a38cf9c8bcd4","timestamp":"2024-04-15 00:09:37"}
{"level":"info","message":"ctx permission","meta":{"can":{"role":"root","resource":"uiSchemas","action":"getProperties"},"skip":true},"module":"uiSchemas","submodule":"getProperties/qemm27frg0n","method":"","app":"main","reqId":"8090808f-2b28-4c00-858a-047e351c2f19","timestamp":"2024-04-15 00:09:40"}
{"level":"info","message":"acl params","meta":{},"module":"uiSchemas","submodule":"getProperties/qemm27frg0n","method":"","app":"main","reqId":"8090808f-2b28-4c00-858a-047e351c2f19","timestamp":"2024-04-15 00:09:40"}
{"level":"info","message":"acl parsedParams","meta":{},"module":"uiSchemas","submodule":"getProperties/qemm27frg0n","method":"","app":"main","reqId":"8090808f-2b28-4c00-858a-047e351c2f19","timestamp":"2024-04-15 00:09:40"}
{"level":"info","message":"ctx permission","meta":{"can":{"role":"root","resource":"uiSchemas","action":"patch"},"skip":true},"module":"uiSchemas","submodule":"patch","method":"","app":"main","reqId":"b082b375-5b0e-4956-9b1f-abcf767d954a","timestamp":"2024-04-15 00:09:54"}
{"level":"info","message":"acl params","meta":{},"module":"uiSchemas","submodule":"patch","method":"","app":"main","reqId":"b082b375-5b0e-4956-9b1f-abcf767d954a","timestamp":"2024-04-15 00:09:54"}
{"level":"info","message":"acl parsedParams","meta":{},"module":"uiSchemas","submodule":"patch","method":"","app":"main","reqId":"b082b375-5b0e-4956-9b1f-abcf767d954a","timestamp":"2024-04-15 00:09:54"}
{"level":"info","message":"ctx permission","meta":{"can":{"role":"root","resource":"uiSchemas","action":"insertAdjacent"},"skip":true},"module":"uiSchemas","submodule":"insertAdjacent/nocobase-admin-menu","method":"","app":"main","reqId":"499635e9-7c7e-499b-a41a-0a4584ab548f","timestamp":"2024-04-15 00:10:14"}
{"level":"info","message":"acl params","meta":{},"module":"uiSchemas","submodule":"insertAdjacent/nocobase-admin-menu","method":"","app":"main","reqId":"499635e9-7c7e-499b-a41a-0a4584ab548f","timestamp":"2024-04-15 00:10:14"}
{"level":"info","message":"acl parsedParams","meta":{},"module":"uiSchemas","submodule":"insertAdjacent/nocobase-admin-menu","method":"","app":"main","reqId":"499635e9-7c7e-499b-a41a-0a4584ab548f","timestamp":"2024-04-15 00:10:14"}
{"level":"info","message":"ctx permission","meta":{"can":{"role":"root","resource":"uiSchemas","action":"insertAdjacent"},"skip":true},"module":"uiSchemas","submodule":"insertAdjacent/qemm27frg0n","method":"","app":"main","reqId":"8852675e-faab-448d-910a-443502a72e86","timestamp":"2024-04-15 00:10:26"}
{"level":"info","message":"acl params","meta":{},"module":"uiSchemas","submodule":"insertAdjacent/qemm27frg0n","method":"","app":"main","reqId":"8852675e-faab-448d-910a-443502a72e86","timestamp":"2024-04-15 00:10:26"}
{"level":"info","message":"acl parsedParams","meta":{},"module":"uiSchemas","submodule":"insertAdjacent/qemm27frg0n","method":"","app":"main","reqId":"8852675e-faab-448d-910a-443502a72e86","timestamp":"2024-04-15 00:10:26"}
{"level":"info","message":"ctx permission","meta":{"can":{"role":"root","resource":"uiSchemas","action":"insertAdjacent"},"skip":true},"module":"uiSchemas","submodule":"insertAdjacent/qemm27frg0n","method":"","app":"main","reqId":"ff309320-cd62-41b5-8315-9fd85854b56e","timestamp":"2024-04-15 00:10:32"}
{"level":"info","message":"acl params","meta":{},"module":"uiSchemas","submodule":"insertAdjacent/qemm27frg0n","method":"","app":"main","reqId":"ff309320-cd62-41b5-8315-9fd85854b56e","timestamp":"2024-04-15 00:10:32"}
{"level":"info","message":"acl parsedParams","meta":{},"module":"uiSchemas","submodule":"insertAdjacent/qemm27frg0n","method":"","app":"main","reqId":"ff309320-cd62-41b5-8315-9fd85854b56e","timestamp":"2024-04-15 00:10:32"}
{"level":"info","message":"ctx permission","meta":{"can":{"role":"root","resource":"uiSchemas","action":"insertAdjacent"},"skip":true},"module":"uiSchemas","submodule":"insertAdjacent/qemm27frg0n","method":"","app":"main","reqId":"08082d6d-60b9-4e1f-bc6e-dde15689de6a","timestamp":"2024-04-15 00:10:50"}
{"level":"info","message":"acl params","meta":{},"module":"uiSchemas","submodule":"insertAdjacent/qemm27frg0n","method":"","app":"main","reqId":"08082d6d-60b9-4e1f-bc6e-dde15689de6a","timestamp":"2024-04-15 00:10:50"}
{"level":"info","message":"acl parsedParams","meta":{},"module":"uiSchemas","submodule":"insertAdjacent/qemm27frg0n","method":"","app":"main","reqId":"08082d6d-60b9-4e1f-bc6e-dde15689de6a","timestamp":"2024-04-15 00:10:50"}
{"level":"info","message":"ctx permission","meta":{"can":{"role":"root","resource":"uiSchemas","action":"insertAdjacent"},"skip":true},"module":"uiSchemas","submodule":"insertAdjacent/qemm27frg0n","method":"","app":"main","reqId":"1aff54f3-1a32-4e29-915a-b7b42e35219e","timestamp":"2024-04-15 00:11:08"}
{"level":"info","message":"acl params","meta":{},"module":"uiSchemas","submodule":"insertAdjacent/qemm27frg0n","method":"","app":"main","reqId":"1aff54f3-1a32-4e29-915a-b7b42e35219e","timestamp":"2024-04-15 00:11:08"}
{"level":"info","message":"acl parsedParams","meta":{},"module":"uiSchemas","submodule":"insertAdjacent/qemm27frg0n","method":"","app":"main","reqId":"1aff54f3-1a32-4e29-915a-b7b42e35219e","timestamp":"2024-04-15 00:11:08"}
{"level":"info","message":"ctx permission","meta":{"can":{"role":"root","resource":"uiSchemas","action":"getProperties"},"skip":true},"module":"uiSchemas","submodule":"getProperties/wuhyuutme07","method":"","app":"main","reqId":"9b9c4575-dc5c-4882-9c28-a4b97c75c902","timestamp":"2024-04-15 00:11:10"}
{"level":"info","message":"acl params","meta":{},"module":"uiSchemas","submodule":"getProperties/wuhyuutme07","method":"","app":"main","reqId":"9b9c4575-dc5c-4882-9c28-a4b97c75c902","timestamp":"2024-04-15 00:11:10"}
{"level":"info","message":"acl parsedParams","meta":{},"module":"uiSchemas","submodule":"getProperties/wuhyuutme07","method":"","app":"main","reqId":"9b9c4575-dc5c-4882-9c28-a4b97c75c902","timestamp":"2024-04-15 00:11:10"}
{"level":"info","message":"ctx permission","meta":{"can":{"role":"root","resource":"uiSchemas","action":"insertAdjacent"},"skip":true},"module":"uiSchemas","submodule":"insertAdjacent/4d76ynprvog","method":"","app":"main","reqId":"634cb6c6-453d-4151-9fdd-439c87b3e09d","timestamp":"2024-04-15 00:11:12"}
{"level":"info","message":"acl params","meta":{},"module":"uiSchemas","submodule":"insertAdjacent/4d76ynprvog","method":"","app":"main","reqId":"634cb6c6-453d-4151-9fdd-439c87b3e09d","timestamp":"2024-04-15 00:11:12"}
{"level":"info","message":"acl parsedParams","meta":{},"module":"uiSchemas","submodule":"insertAdjacent/4d76ynprvog","method":"","app":"main","reqId":"634cb6c6-453d-4151-9fdd-439c87b3e09d","timestamp":"2024-04-15 00:11:12"}
{"level":"info","message":"ctx permission","meta":{"can":{"role":"root","resource":"uiSchemas","action":"remove"},"skip":true},"module":"uiSchemas","submodule":"remove/r1q83se4twx","method":"","app":"main","reqId":"17b53e37-f7e3-44da-bc41-85170dc42591","timestamp":"2024-04-15 00:11:19"}
{"level":"info","message":"acl params","meta":{},"module":"uiSchemas","submodule":"remove/r1q83se4twx","method":"","app":"main","reqId":"17b53e37-f7e3-44da-bc41-85170dc42591","timestamp":"2024-04-15 00:11:19"}
{"level":"info","message":"acl parsedParams","meta":{},"module":"uiSchemas","submodule":"remove/r1q83se4twx","method":"","app":"main","reqId":"17b53e37-f7e3-44da-bc41-85170dc42591","timestamp":"2024-04-15 00:11:19"}
{"level":"info","message":"ctx permission","meta":{"can":{"role":"root","resource":"dataSources","action":"list"},"skip":true},"module":"dataSources","submodule":"list","method":"","app":"main","reqId":"b21305be-cb62-4349-9abe-d8635897cd7f","timestamp":"2024-04-15 00:11:38"}
{"level":"info","message":"acl params","meta":{},"module":"dataSources","submodule":"list","method":"","app":"main","reqId":"b21305be-cb62-4349-9abe-d8635897cd7f","timestamp":"2024-04-15 00:11:38"}
{"level":"info","message":"acl parsedParams","meta":{},"module":"dataSources","submodule":"list","method":"","app":"main","reqId":"b21305be-cb62-4349-9abe-d8635897cd7f","timestamp":"2024-04-15 00:11:38"}
{"level":"info","message":"ctx permission","meta":{"can":{"role":"root","resource":"uiSchemas","action":"getProperties"},"skip":true},"module":"uiSchemas","submodule":"getProperties/wuhyuutme07","method":"","app":"main","reqId":"5ce23f86-075d-4731-9d13-c5619d67e238","timestamp":"2024-04-15 00:11:55"}
{"level":"info","message":"acl params","meta":{},"module":"uiSchemas","submodule":"getProperties/wuhyuutme07","method":"","app":"main","reqId":"5ce23f86-075d-4731-9d13-c5619d67e238","timestamp":"2024-04-15 00:11:55"}
{"level":"info","message":"acl parsedParams","meta":{},"module":"uiSchemas","submodule":"getProperties/wuhyuutme07","method":"","app":"main","reqId":"5ce23f86-075d-4731-9d13-c5619d67e238","timestamp":"2024-04-15 00:11:55"}
{"level":"info","message":"ctx permission","meta":{"can":{"role":"root","resource":"storages","action":"list"},"skip":true},"module":"storages","submodule":"list","method":"","app":"main","reqId":"a90b7238-b136-4be8-aa3e-8a3c65996ebf","timestamp":"2024-04-15 00:12:10"}
{"level":"info","message":"acl params","meta":{},"module":"storages","submodule":"list","method":"","app":"main","reqId":"a90b7238-b136-4be8-aa3e-8a3c65996ebf","timestamp":"2024-04-15 00:12:10"}
{"level":"info","message":"acl parsedParams","meta":{},"module":"storages","submodule":"list","method":"","app":"main","reqId":"a90b7238-b136-4be8-aa3e-8a3c65996ebf","timestamp":"2024-04-15 00:12:10"}
{"level":"info","message":"ctx permission","meta":{"can":{"role":"root","resource":"dataSources","action":"list"},"skip":true},"module":"dataSources","submodule":"list","method":"","app":"main","reqId":"225fddd1-cf68-499f-a073-5e52f2027ac8","timestamp":"2024-04-15 00:12:11"}
{"level":"info","message":"acl params","meta":{},"module":"dataSources","submodule":"list","method":"","app":"main","reqId":"225fddd1-cf68-499f-a073-5e52f2027ac8","timestamp":"2024-04-15 00:12:11"}
{"level":"info","message":"acl parsedParams","meta":{},"module":"dataSources","submodule":"list","method":"","app":"main","reqId":"225fddd1-cf68-499f-a073-5e52f2027ac8","timestamp":"2024-04-15 00:12:11"}
{"level":"info","message":"ctx permission","meta":{"can":{"role":"root","resource":"backupFiles","action":"list"},"skip":true},"module":"backupFiles","submodule":"list","method":"","app":"main","reqId":"cf608e9d-e237-4f7b-acc0-756bca4aada8","timestamp":"2024-04-15 00:12:12"}
{"level":"info","message":"acl params","meta":{},"module":"backupFiles","submodule":"list","method":"","app":"main","reqId":"cf608e9d-e237-4f7b-acc0-756bca4aada8","timestamp":"2024-04-15 00:12:12"}
{"level":"info","message":"acl parsedParams","meta":{},"module":"backupFiles","submodule":"list","method":"","app":"main","reqId":"cf608e9d-e237-4f7b-acc0-756bca4aada8","timestamp":"2024-04-15 00:12:12"}
{"level":"info","message":"ctx permission","meta":{"can":{"role":"root","resource":"authenticators","action":"list"},"skip":true},"module":"authenticators","submodule":"list","method":"","app":"main","reqId":"c53ea8fa-ce66-40b1-b28a-42440f560d70","timestamp":"2024-04-15 00:12:13"}
{"level":"info","message":"acl params","meta":{},"module":"authenticators","submodule":"list","method":"","app":"main","reqId":"c53ea8fa-ce66-40b1-b28a-42440f560d70","timestamp":"2024-04-15 00:12:13"}
{"level":"info","message":"acl parsedParams","meta":{},"module":"authenticators","submodule":"list","method":"","app":"main","reqId":"c53ea8fa-ce66-40b1-b28a-42440f560d70","timestamp":"2024-04-15 00:12:13"}
{"level":"info","message":"ctx permission","meta":{"can":{"role":"root","resource":"authenticators","action":"listTypes"},"skip":true},"module":"authenticators","submodule":"listTypes","method":"","app":"main","reqId":"42278a44-ab20-49ea-9afe-fce80d6820b0","timestamp":"2024-04-15 00:12:13"}
{"level":"info","message":"acl params","meta":{},"module":"authenticators","submodule":"listTypes","method":"","app":"main","reqId":"42278a44-ab20-49ea-9afe-fce80d6820b0","timestamp":"2024-04-15 00:12:13"}
{"level":"info","message":"acl parsedParams","meta":{},"module":"authenticators","submodule":"listTypes","method":"","app":"main","reqId":"42278a44-ab20-49ea-9afe-fce80d6820b0","timestamp":"2024-04-15 00:12:13"}
{"level":"info","message":"ctx permission","meta":{"can":{"role":"root","resource":"swagger","action":"getUrls"},"skip":true},"module":"swagger","submodule":"getUrls","method":"","app":"main","reqId":"3a8f53a2-ea97-4fc5-94ee-a22869e386ce","timestamp":"2024-04-15 00:12:15"}
{"level":"info","message":"acl params","meta":{},"module":"swagger","submodule":"getUrls","method":"","app":"main","reqId":"3a8f53a2-ea97-4fc5-94ee-a22869e386ce","timestamp":"2024-04-15 00:12:15"}
{"level":"info","message":"acl parsedParams","meta":{},"module":"swagger","submodule":"getUrls","method":"","app":"main","reqId":"3a8f53a2-ea97-4fc5-94ee-a22869e386ce","timestamp":"2024-04-15 00:12:15"}
{"level":"info","message":"ctx permission","meta":{"can":{"role":"root","resource":"swagger","action":"get"},"skip":true},"module":"swagger","submodule":"get","method":"","app":"main","reqId":"393bf4a3-5415-42ba-8d9e-c49e7ae6771a","timestamp":"2024-04-15 00:12:15"}
{"level":"info","message":"acl params","meta":{},"module":"swagger","submodule":"get","method":"","app":"main","reqId":"393bf4a3-5415-42ba-8d9e-c49e7ae6771a","timestamp":"2024-04-15 00:12:15"}
{"level":"info","message":"acl parsedParams","meta":{},"module":"swagger","submodule":"get","method":"","app":"main","reqId":"393bf4a3-5415-42ba-8d9e-c49e7ae6771a","timestamp":"2024-04-15 00:12:15"}
{"level":"info","message":"ctx permission","meta":{"can":{"role":"root","resource":"dataSources","action":"list"},"skip":true},"module":"dataSources","submodule":"list","method":"","app":"main","reqId":"4f5ea447-afb3-4b57-802d-e209a2d0d2d4","timestamp":"2024-04-15 00:18:56"}
{"level":"info","message":"acl params","meta":{},"module":"dataSources","submodule":"list","method":"","app":"main","reqId":"4f5ea447-afb3-4b57-802d-e209a2d0d2d4","timestamp":"2024-04-15 00:18:56"}
{"level":"info","message":"acl parsedParams","meta":{},"module":"dataSources","submodule":"list","method":"","app":"main","reqId":"4f5ea447-afb3-4b57-802d-e209a2d0d2d4","timestamp":"2024-04-15 00:18:56"}
{"level":"info","message":"ctx permission","meta":{"can":{"role":"root","resource":"collections","action":"list"},"skip":true},"module":"collections","submodule":"list","method":"","app":"main","reqId":"ed73ce5d-89c6-4e29-a7be-c589ff0b068a","timestamp":"2024-04-15 00:19:00"}
{"level":"info","message":"acl params","meta":{},"module":"collections","submodule":"list","method":"","app":"main","reqId":"ed73ce5d-89c6-4e29-a7be-c589ff0b068a","timestamp":"2024-04-15 00:19:00"}
{"level":"info","message":"acl parsedParams","meta":{},"module":"collections","submodule":"list","method":"","app":"main","reqId":"ed73ce5d-89c6-4e29-a7be-c589ff0b068a","timestamp":"2024-04-15 00:19:00"}
{"level":"info","message":"ctx permission","meta":{"can":{"role":"root","resource":"collections","action":"create"},"skip":true},"module":"collections","submodule":"create","method":"","app":"main","reqId":"0e73e68b-eb48-4f5c-ab76-f828d8b3eea1","timestamp":"2024-04-15 00:19:57"}
{"level":"info","message":"acl params","meta":{},"module":"collections","submodule":"create","method":"","app":"main","reqId":"0e73e68b-eb48-4f5c-ab76-f828d8b3eea1","timestamp":"2024-04-15 00:19:57"}
{"level":"info","message":"acl parsedParams","meta":{},"module":"collections","submodule":"create","method":"","app":"main","reqId":"0e73e68b-eb48-4f5c-ab76-f828d8b3eea1","timestamp":"2024-04-15 00:19:57"}
{"level":"info","message":"ctx permission","meta":{"can":{"role":"root","resource":"collections","action":"list"},"skip":true},"module":"collections","submodule":"list","method":"","app":"main","reqId":"d1ed067c-f890-4fd6-8744-be0fe3c620f4","timestamp":"2024-04-15 00:19:57"}
{"level":"info","message":"acl params","meta":{},"module":"collections","submodule":"list","method":"","app":"main","reqId":"d1ed067c-f890-4fd6-8744-be0fe3c620f4","timestamp":"2024-04-15 00:19:57"}
{"level":"info","message":"acl parsedParams","meta":{},"module":"collections","submodule":"list","method":"","app":"main","reqId":"d1ed067c-f890-4fd6-8744-be0fe3c620f4","timestamp":"2024-04-15 00:19:57"}
{"level":"info","message":"ctx permission","meta":{"can":{"role":"root","resource":"collections","action":"list"},"skip":true},"module":"collections","submodule":"list","method":"","app":"main","reqId":"e799dce9-1424-42e6-9d03-094fac343343","timestamp":"2024-04-15 00:19:57"}
{"level":"info","message":"acl params","meta":{},"module":"collections","submodule":"list","method":"","app":"main","reqId":"e799dce9-1424-42e6-9d03-094fac343343","timestamp":"2024-04-15 00:19:57"}
{"level":"info","message":"acl parsedParams","meta":{},"module":"collections","submodule":"list","method":"","app":"main","reqId":"e799dce9-1424-42e6-9d03-094fac343343","timestamp":"2024-04-15 00:19:57"}
{"level":"info","message":"ctx permission","meta":{"can":{"role":"root","resource":"collections","action":"create"},"skip":true},"module":"collections","submodule":"create","method":"","app":"main","reqId":"ff55fb94-b6f9-4013-b3de-6cda5ca86a2d","timestamp":"2024-04-15 00:21:29"}
{"level":"info","message":"acl params","meta":{},"module":"collections","submodule":"create","method":"","app":"main","reqId":"ff55fb94-b6f9-4013-b3de-6cda5ca86a2d","timestamp":"2024-04-15 00:21:29"}
{"level":"info","message":"acl parsedParams","meta":{},"module":"collections","submodule":"create","method":"","app":"main","reqId":"ff55fb94-b6f9-4013-b3de-6cda5ca86a2d","timestamp":"2024-04-15 00:21:29"}
{"level":"info","message":"ctx permission","meta":{"can":{"role":"root","resource":"collections","action":"list"},"skip":true},"module":"collections","submodule":"list","method":"","app":"main","reqId":"495780a2-90a8-48b3-b551-0228dd949c9a","timestamp":"2024-04-15 00:21:30"}
{"level":"info","message":"acl params","meta":{},"module":"collections","submodule":"list","method":"","app":"main","reqId":"495780a2-90a8-48b3-b551-0228dd949c9a","timestamp":"2024-04-15 00:21:30"}
{"level":"info","message":"acl parsedParams","meta":{},"module":"collections","submodule":"list","method":"","app":"main","reqId":"495780a2-90a8-48b3-b551-0228dd949c9a","timestamp":"2024-04-15 00:21:30"}
{"level":"info","message":"ctx permission","meta":{"can":{"role":"root","resource":"collections","action":"list"},"skip":true},"module":"collections","submodule":"list","method":"","app":"main","reqId":"f7107701-7820-4b4f-8b88-e0ad98fb82f4","timestamp":"2024-04-15 00:21:30"}
{"level":"info","message":"acl params","meta":{},"module":"collections","submodule":"list","method":"","app":"main","reqId":"f7107701-7820-4b4f-8b88-e0ad98fb82f4","timestamp":"2024-04-15 00:21:30"}
{"level":"info","message":"acl parsedParams","meta":{},"module":"collections","submodule":"list","method":"","app":"main","reqId":"f7107701-7820-4b4f-8b88-e0ad98fb82f4","timestamp":"2024-04-15 00:21:30"}
{"level":"info","message":"ctx permission","meta":{"can":{"role":"root","resource":"collections","action":"create"},"skip":true},"module":"collections","submodule":"create","method":"","app":"main","reqId":"a889097e-519c-46fb-85ca-057aa7b62fc5","timestamp":"2024-04-15 00:22:34"}
{"level":"info","message":"acl params","meta":{},"module":"collections","submodule":"create","method":"","app":"main","reqId":"a889097e-519c-46fb-85ca-057aa7b62fc5","timestamp":"2024-04-15 00:22:34"}
{"level":"info","message":"acl parsedParams","meta":{},"module":"collections","submodule":"create","method":"","app":"main","reqId":"a889097e-519c-46fb-85ca-057aa7b62fc5","timestamp":"2024-04-15 00:22:34"}
{"level":"info","message":"ctx permission","meta":{"can":{"role":"root","resource":"collections","action":"list"},"skip":true},"module":"collections","submodule":"list","method":"","app":"main","reqId":"6d7347fc-7c02-45de-8765-fe9a1ebfd839","timestamp":"2024-04-15 00:22:35"}
{"level":"info","message":"acl params","meta":{},"module":"collections","submodule":"list","method":"","app":"main","reqId":"6d7347fc-7c02-45de-8765-fe9a1ebfd839","timestamp":"2024-04-15 00:22:35"}
{"level":"info","message":"acl parsedParams","meta":{},"module":"collections","submodule":"list","method":"","app":"main","reqId":"6d7347fc-7c02-45de-8765-fe9a1ebfd839","timestamp":"2024-04-15 00:22:35"}
{"level":"info","message":"ctx permission","meta":{"can":{"role":"root","resource":"collections","action":"list"},"skip":true},"module":"collections","submodule":"list","method":"","app":"main","reqId":"27c2747e-3606-4aca-9a90-3d4c280c42e6","timestamp":"2024-04-15 00:22:35"}
{"level":"info","message":"acl params","meta":{},"module":"collections","submodule":"list","method":"","app":"main","reqId":"27c2747e-3606-4aca-9a90-3d4c280c42e6","timestamp":"2024-04-15 00:22:35"}
{"level":"info","message":"acl parsedParams","meta":{},"module":"collections","submodule":"list","method":"","app":"main","reqId":"27c2747e-3606-4aca-9a90-3d4c280c42e6","timestamp":"2024-04-15 00:22:35"}
{"level":"info","message":"ctx permission","meta":{"can":{"role":"root","resource":"collections.fields","action":"list"},"skip":true},"module":"collections/puzzles/fields","submodule":"list","method":"","app":"main","reqId":"d26382b8-2c4a-4cc4-a738-94dca3c9585b","timestamp":"2024-04-15 00:22:50"}
{"level":"info","message":"acl params","meta":{},"module":"collections/puzzles/fields","submodule":"list","method":"","app":"main","reqId":"d26382b8-2c4a-4cc4-a738-94dca3c9585b","timestamp":"2024-04-15 00:22:50"}
{"level":"info","message":"acl parsedParams","meta":{},"module":"collections/puzzles/fields","submodule":"list","method":"","app":"main","reqId":"d26382b8-2c4a-4cc4-a738-94dca3c9585b","timestamp":"2024-04-15 00:22:50"}
{"level":"info","message":"ctx permission","meta":{"can":{"role":"root","resource":"collections.fields","action":"list"},"skip":true},"module":"collections/games/fields","submodule":"list","method":"","app":"main","reqId":"150d60c3-054e-413f-95ea-54b69fb93fe0","timestamp":"2024-04-15 00:23:48"}
{"level":"info","message":"acl params","meta":{},"module":"collections/games/fields","submodule":"list","method":"","app":"main","reqId":"150d60c3-054e-413f-95ea-54b69fb93fe0","timestamp":"2024-04-15 00:23:48"}
{"level":"info","message":"acl parsedParams","meta":{},"module":"collections/games/fields","submodule":"list","method":"","app":"main","reqId":"150d60c3-054e-413f-95ea-54b69fb93fe0","timestamp":"2024-04-15 00:23:48"}
{"level":"info","message":"ctx permission","meta":{"can":{"role":"root","resource":"collections.fields","action":"create"},"skip":true},"module":"collections/games/fields","submodule":"create","method":"","app":"main","reqId":"db914eb7-d182-45f5-ae40-86576dfc17e5","timestamp":"2024-04-15 00:24:10"}
{"level":"info","message":"acl params","meta":{},"module":"collections/games/fields","submodule":"create","method":"","app":"main","reqId":"db914eb7-d182-45f5-ae40-86576dfc17e5","timestamp":"2024-04-15 00:24:10"}
{"level":"info","message":"acl parsedParams","meta":{},"module":"collections/games/fields","submodule":"create","method":"","app":"main","reqId":"db914eb7-d182-45f5-ae40-86576dfc17e5","timestamp":"2024-04-15 00:24:10"}
{"level":"info","message":"ctx permission","meta":{"can":{"role":"root","resource":"collections.fields","action":"list"},"skip":true},"module":"collections/games/fields","submodule":"list","method":"","app":"main","reqId":"36a43b1f-b2eb-4216-87f8-dab888a9dc1e","timestamp":"2024-04-15 00:24:10"}
{"level":"info","message":"acl params","meta":{},"module":"collections/games/fields","submodule":"list","method":"","app":"main","reqId":"36a43b1f-b2eb-4216-87f8-dab888a9dc1e","timestamp":"2024-04-15 00:24:10"}
{"level":"info","message":"acl parsedParams","meta":{},"module":"collections/games/fields","submodule":"list","method":"","app":"main","reqId":"36a43b1f-b2eb-4216-87f8-dab888a9dc1e","timestamp":"2024-04-15 00:24:10"}
{"level":"info","message":"ctx permission","meta":{"can":{"role":"root","resource":"collections","action":"list"},"skip":true},"module":"collections","submodule":"list","method":"","app":"main","reqId":"39377d29-89f3-4acf-b4b1-f4c7235588db","timestamp":"2024-04-15 00:24:10"}
{"level":"info","message":"acl params","meta":{},"module":"collections","submodule":"list","method":"","app":"main","reqId":"39377d29-89f3-4acf-b4b1-f4c7235588db","timestamp":"2024-04-15 00:24:10"}
{"level":"info","message":"acl parsedParams","meta":{},"module":"collections","submodule":"list","method":"","app":"main","reqId":"39377d29-89f3-4acf-b4b1-f4c7235588db","timestamp":"2024-04-15 00:24:10"}
{"level":"info","message":"ctx permission","meta":{"can":{"role":"root","resource":"collections.fields","action":"list"},"skip":true},"module":"collections/rooms/fields","submodule":"list","method":"","app":"main","reqId":"b33a171d-19b4-4d74-9008-34ea00eaf8d3","timestamp":"2024-04-15 00:24:42"}
{"level":"info","message":"acl params","meta":{},"module":"collections/rooms/fields","submodule":"list","method":"","app":"main","reqId":"b33a171d-19b4-4d74-9008-34ea00eaf8d3","timestamp":"2024-04-15 00:24:42"}
{"level":"info","message":"acl parsedParams","meta":{},"module":"collections/rooms/fields","submodule":"list","method":"","app":"main","reqId":"b33a171d-19b4-4d74-9008-34ea00eaf8d3","timestamp":"2024-04-15 00:24:42"}
{"level":"info","message":"ctx permission","meta":{"can":{"role":"root","resource":"collections.fields","action":"create"},"skip":true},"module":"collections/rooms/fields","submodule":"create","method":"","app":"main","reqId":"0510fa1a-1462-4aff-9799-5cf120d05d46","timestamp":"2024-04-15 00:25:13"}
{"level":"info","message":"acl params","meta":{},"module":"collections/rooms/fields","submodule":"create","method":"","app":"main","reqId":"0510fa1a-1462-4aff-9799-5cf120d05d46","timestamp":"2024-04-15 00:25:13"}
{"level":"info","message":"acl parsedParams","meta":{},"module":"collections/rooms/fields","submodule":"create","method":"","app":"main","reqId":"0510fa1a-1462-4aff-9799-5cf120d05d46","timestamp":"2024-04-15 00:25:13"}
{"level":"info","message":"ctx permission","meta":{"can":{"role":"root","resource":"collections.fields","action":"list"},"skip":true},"module":"collections/rooms/fields","submodule":"list","method":"","app":"main","reqId":"61e29efa-85f2-488e-9793-599329a7c26b","timestamp":"2024-04-15 00:25:14"}
{"level":"info","message":"acl params","meta":{},"module":"collections/rooms/fields","submodule":"list","method":"","app":"main","reqId":"61e29efa-85f2-488e-9793-599329a7c26b","timestamp":"2024-04-15 00:25:14"}
{"level":"info","message":"acl parsedParams","meta":{},"module":"collections/rooms/fields","submodule":"list","method":"","app":"main","reqId":"61e29efa-85f2-488e-9793-599329a7c26b","timestamp":"2024-04-15 00:25:14"}
{"level":"info","message":"ctx permission","meta":{"can":{"role":"root","resource":"collections","action":"list"},"skip":true},"module":"collections","submodule":"list","method":"","app":"main","reqId":"d3e2553b-7a6e-4eb8-8227-79692e4dc446","timestamp":"2024-04-15 00:25:14"}
{"level":"info","message":"acl params","meta":{},"module":"collections","submodule":"list","method":"","app":"main","reqId":"d3e2553b-7a6e-4eb8-8227-79692e4dc446","timestamp":"2024-04-15 00:25:14"}
{"level":"info","message":"acl parsedParams","meta":{},"module":"collections","submodule":"list","method":"","app":"main","reqId":"d3e2553b-7a6e-4eb8-8227-79692e4dc446","timestamp":"2024-04-15 00:25:14"}
{"level":"info","message":"ctx permission","meta":{"can":null,"skip":true},"module":"app","submodule":"getLang","method":"","app":"main","reqId":"85b61d4c-68d9-4857-a947-8802621aecb7","timestamp":"2024-04-15 00:26:15"}
{"level":"info","message":"acl params","meta":{},"module":"app","submodule":"getLang","method":"","app":"main","reqId":"85b61d4c-68d9-4857-a947-8802621aecb7","timestamp":"2024-04-15 00:26:15"}
{"level":"info","message":"acl parsedParams","meta":{},"module":"app","submodule":"getLang","method":"","app":"main","reqId":"85b61d4c-68d9-4857-a947-8802621aecb7","timestamp":"2024-04-15 00:26:15"}
{"level":"info","message":"ctx permission","meta":{"can":{"role":"root","resource":"pm","action":"listEnabled"},"skip":true},"module":"pm","submodule":"listEnabled","method":"","app":"main","reqId":"ec2b941a-f9fb-456d-b769-f718eaebf3ad","timestamp":"2024-04-15 00:26:15"}
{"level":"info","message":"acl params","meta":{},"module":"pm","submodule":"listEnabled","method":"","app":"main","reqId":"ec2b941a-f9fb-456d-b769-f718eaebf3ad","timestamp":"2024-04-15 00:26:15"}
{"level":"info","message":"acl parsedParams","meta":{},"module":"pm","submodule":"listEnabled","method":"","app":"main","reqId":"ec2b941a-f9fb-456d-b769-f718eaebf3ad","timestamp":"2024-04-15 00:26:15"}
{"level":"info","message":"ctx permission","meta":{"can":null,"skip":true},"module":"auth","submodule":"check","method":"","app":"main","reqId":"2668568c-2611-4ac0-9367-c62b9d40b3d9","timestamp":"2024-04-15 00:26:15"}
{"level":"info","message":"acl params","meta":{},"module":"auth","submodule":"check","method":"","app":"main","reqId":"2668568c-2611-4ac0-9367-c62b9d40b3d9","timestamp":"2024-04-15 00:26:15"}
{"level":"info","message":"acl parsedParams","meta":{},"module":"auth","submodule":"check","method":"","app":"main","reqId":"2668568c-2611-4ac0-9367-c62b9d40b3d9","timestamp":"2024-04-15 00:26:15"}
{"level":"info","message":"ctx permission","meta":{"can":null,"skip":true},"module":"systemSettings","submodule":"get/1","method":"","app":"main","reqId":"dd3a83a3-e380-4804-903d-69a21d4cf007","timestamp":"2024-04-15 00:26:15"}
{"level":"info","message":"acl params","meta":{},"module":"systemSettings","submodule":"get/1","method":"","app":"main","reqId":"dd3a83a3-e380-4804-903d-69a21d4cf007","timestamp":"2024-04-15 00:26:15"}
{"level":"info","message":"acl parsedParams","meta":{},"module":"systemSettings","submodule":"get/1","method":"","app":"main","reqId":"dd3a83a3-e380-4804-903d-69a21d4cf007","timestamp":"2024-04-15 00:26:15"}
{"level":"info","message":"ctx permission","meta":{"can":null,"skip":true},"module":"app","submodule":"getInfo","method":"","app":"main","reqId":"14956721-5ef6-4641-aad5-bb9a34a0739d","timestamp":"2024-04-15 00:26:15"}
{"level":"info","message":"acl params","meta":{},"module":"app","submodule":"getInfo","method":"","app":"main","reqId":"14956721-5ef6-4641-aad5-bb9a34a0739d","timestamp":"2024-04-15 00:26:15"}
{"level":"info","message":"acl parsedParams","meta":{},"module":"app","submodule":"getInfo","method":"","app":"main","reqId":"14956721-5ef6-4641-aad5-bb9a34a0739d","timestamp":"2024-04-15 00:26:15"}
{"level":"info","message":"ctx permission","meta":{"can":{"role":"root","resource":"uiSchemaTemplates","action":"list"},"skip":true},"module":"uiSchemaTemplates","submodule":"list","method":"","app":"main","reqId":"3c8bc30b-7582-4097-9af3-660c9befca76","timestamp":"2024-04-15 00:26:15"}
{"level":"info","message":"acl params","meta":{},"module":"uiSchemaTemplates","submodule":"list","method":"","app":"main","reqId":"3c8bc30b-7582-4097-9af3-660c9befca76","timestamp":"2024-04-15 00:26:15"}
{"level":"info","message":"acl parsedParams","meta":{},"module":"uiSchemaTemplates","submodule":"list","method":"","app":"main","reqId":"3c8bc30b-7582-4097-9af3-660c9befca76","timestamp":"2024-04-15 00:26:15"}
{"level":"info","message":"ctx permission","meta":{"can":{"role":"root","resource":"dataSources","action":"listEnabled"},"skip":true},"module":"dataSources","submodule":"listEnabled","method":"","app":"main","reqId":"23bca3f2-4cfb-4d0c-9549-b7a042d66759","timestamp":"2024-04-15 00:26:15"}
{"level":"info","message":"acl params","meta":{},"module":"dataSources","submodule":"listEnabled","method":"","app":"main","reqId":"23bca3f2-4cfb-4d0c-9549-b7a042d66759","timestamp":"2024-04-15 00:26:15"}
{"level":"info","message":"acl parsedParams","meta":{},"module":"dataSources","submodule":"listEnabled","method":"","app":"main","reqId":"23bca3f2-4cfb-4d0c-9549-b7a042d66759","timestamp":"2024-04-15 00:26:15"}
{"level":"info","message":"ctx permission","meta":{"can":{"role":"root","resource":"collectionCategories","action":"list"},"skip":true},"module":"collectionCategories","submodule":"list","method":"","app":"main","reqId":"2def2b98-b0a8-437e-bdd5-618a2449ee0b","timestamp":"2024-04-15 00:26:15"}
{"level":"info","message":"acl params","meta":{},"module":"collectionCategories","submodule":"list","method":"","app":"main","reqId":"2def2b98-b0a8-437e-bdd5-618a2449ee0b","timestamp":"2024-04-15 00:26:15"}
{"level":"info","message":"acl parsedParams","meta":{},"module":"collectionCategories","submodule":"list","method":"","app":"main","reqId":"2def2b98-b0a8-437e-bdd5-618a2449ee0b","timestamp":"2024-04-15 00:26:15"}
{"level":"info","message":"ctx permission","meta":{"can":{"role":"root","resource":"collections","action":"list"},"skip":true},"module":"collections","submodule":"list","method":"","app":"main","reqId":"3389f850-0eab-4f9c-b070-7a6ec243a05a","timestamp":"2024-04-15 00:26:15"}
{"level":"info","message":"acl params","meta":{},"module":"collections","submodule":"list","method":"","app":"main","reqId":"3389f850-0eab-4f9c-b070-7a6ec243a05a","timestamp":"2024-04-15 00:26:15"}
{"level":"info","message":"acl parsedParams","meta":{},"module":"collections","submodule":"list","method":"","app":"main","reqId":"3389f850-0eab-4f9c-b070-7a6ec243a05a","timestamp":"2024-04-15 00:26:15"}
{"level":"info","message":"ctx permission","meta":{"can":{"role":"root","resource":"roles","action":"check"},"skip":true},"module":"roles","submodule":"check","method":"","app":"main","reqId":"f3e9ed4b-775a-4751-9c98-ef2445830d1c","timestamp":"2024-04-15 00:26:15"}
{"level":"info","message":"acl params","meta":{},"module":"roles","submodule":"check","method":"","app":"main","reqId":"f3e9ed4b-775a-4751-9c98-ef2445830d1c","timestamp":"2024-04-15 00:26:15"}
{"level":"info","message":"acl parsedParams","meta":{},"module":"roles","submodule":"check","method":"","app":"main","reqId":"f3e9ed4b-775a-4751-9c98-ef2445830d1c","timestamp":"2024-04-15 00:26:15"}
{"level":"info","message":"ctx permission","meta":{"can":{"role":"root","resource":"collections","action":"list"},"skip":true},"module":"collections","submodule":"list","method":"","app":"main","reqId":"2765a3e3-562e-44a2-9bdf-7438d007338b","timestamp":"2024-04-15 00:26:16"}
{"level":"info","message":"acl params","meta":{},"module":"collections","submodule":"list","method":"","app":"main","reqId":"2765a3e3-562e-44a2-9bdf-7438d007338b","timestamp":"2024-04-15 00:26:16"}
{"level":"info","message":"acl parsedParams","meta":{},"module":"collections","submodule":"list","method":"","app":"main","reqId":"2765a3e3-562e-44a2-9bdf-7438d007338b","timestamp":"2024-04-15 00:26:16"}
{"level":"info","message":"ctx permission","meta":{"can":{"role":"root","resource":"uiSchemas","action":"getJsonSchema"},"skip":true},"module":"uiSchemas","submodule":"getJsonSchema/nocobase-admin-menu","method":"","app":"main","reqId":"dc666aae-3edb-4089-86cf-b680ce1f84d5","timestamp":"2024-04-15 00:26:16"}
{"level":"info","message":"acl params","meta":{},"module":"uiSchemas","submodule":"getJsonSchema/nocobase-admin-menu","method":"","app":"main","reqId":"dc666aae-3edb-4089-86cf-b680ce1f84d5","timestamp":"2024-04-15 00:26:16"}
{"level":"info","message":"acl parsedParams","meta":{},"module":"uiSchemas","submodule":"getJsonSchema/nocobase-admin-menu","method":"","app":"main","reqId":"dc666aae-3edb-4089-86cf-b680ce1f84d5","timestamp":"2024-04-15 00:26:16"}
